  Fourth.cpp
c:\program files (x86)\windows kits\8.1\include\um\gl\gl.h(1157): error C2144: синтаксическая ошибка: перед "void" требуется ";"
c:\program files (x86)\windows kits\8.1\include\um\gl\gl.h(1157): error C4430: отсутствует спецификатор типа - предполагается int. Примечание. C++ не поддерживает int по умолчанию
c:\program files (x86)\windows kits\8.1\include\um\gl\gl.h(1157): error C2182: APIENTRY: недопустимое использование типа "void"
c:\program files (x86)\windows kits\8.1\include\um\gl\gl.h(1157): error C2146: синтаксическая ошибка: отсутствие ";" перед идентификатором "glAccum"
c:\program files (x86)\windows kits\8.1\include\um\gl\gl.h(1158): error C2144: синтаксическая ошибка: перед "void" требуется ";"
c:\program files (x86)\windows kits\8.1\include\um\gl\gl.h(1158): error C4430: отсутствует спецификатор типа - предполагается int. Примечание. C++ не поддерживает int по умолчанию
c:\program files (x86)\windows kits\8.1\include\um\gl\gl.h(1158): error C2086: int WINGDIAPI: переопределение
  c:\program files (x86)\windows kits\8.1\include\um\gl\gl.h(1157): note:  см. объявление "WINGDIAPI"
c:\program files (x86)\windows kits\8.1\include\um\gl\gl.h(1158): error C2182: APIENTRY: недопустимое использование типа "void"
c:\program files (x86)\windows kits\8.1\include\um\gl\gl.h(1158): error C2086: int APIENTRY: переопределение
  c:\program files (x86)\windows kits\8.1\include\um\gl\gl.h(1157): note:  см. объявление "APIENTRY"
c:\program files (x86)\windows kits\8.1\include\um\gl\gl.h(1158): error C2146: синтаксическая ошибка: отсутствие ";" перед идентификатором "glAlphaFunc"
c:\program files (x86)\windows kits\8.1\include\um\gl\gl.h(1159): error C4430: отсутствует спецификатор типа - предполагается int. Примечание. C++ не поддерживает int по умолчанию
c:\program files (x86)\windows kits\8.1\include\um\gl\gl.h(1159): error C2086: int WINGDIAPI: переопределение
  c:\program files (x86)\windows kits\8.1\include\um\gl\gl.h(1157): note:  см. объявление "WINGDIAPI"
c:\program files (x86)\windows kits\8.1\include\um\gl\gl.h(1159): error C2146: синтаксическая ошибка: отсутствие ";" перед идентификатором "GLboolean"
c:\program files (x86)\windows kits\8.1\include\um\gl\gl.h(1160): error C2144: синтаксическая ошибка: перед "void" требуется ";"
c:\program files (x86)\windows kits\8.1\include\um\gl\gl.h(1160): error C4430: отсутствует спецификатор типа - предполагается int. Примечание. C++ не поддерживает int по умолчанию
c:\program files (x86)\windows kits\8.1\include\um\gl\gl.h(1160): error C2086: int WINGDIAPI: переопределение
  c:\program files (x86)\windows kits\8.1\include\um\gl\gl.h(1157): note:  см. объявление "WINGDIAPI"
c:\program files (x86)\windows kits\8.1\include\um\gl\gl.h(1160): error C2182: APIENTRY: недопустимое использование типа "void"
c:\program files (x86)\windows kits\8.1\include\um\gl\gl.h(1160): error C2086: int APIENTRY: переопределение
  c:\program files (x86)\windows kits\8.1\include\um\gl\gl.h(1157): note:  см. объявление "APIENTRY"
c:\program files (x86)\windows kits\8.1\include\um\gl\gl.h(1160): error C2146: синтаксическая ошибка: отсутствие ";" перед идентификатором "glArrayElement"
c:\program files (x86)\windows kits\8.1\include\um\gl\gl.h(1161): error C2144: синтаксическая ошибка: перед "void" требуется ";"
c:\program files (x86)\windows kits\8.1\include\um\gl\gl.h(1161): error C4430: отсутствует спецификатор типа - предполагается int. Примечание. C++ не поддерживает int по умолчанию
c:\program files (x86)\windows kits\8.1\include\um\gl\gl.h(1161): error C2086: int WINGDIAPI: переопределение
  c:\program files (x86)\windows kits\8.1\include\um\gl\gl.h(1157): note:  см. объявление "WINGDIAPI"
c:\program files (x86)\windows kits\8.1\include\um\gl\gl.h(1161): error C2182: APIENTRY: недопустимое использование типа "void"
c:\program files (x86)\windows kits\8.1\include\um\gl\gl.h(1161): error C2086: int APIENTRY: переопределение
  c:\program files (x86)\windows kits\8.1\include\um\gl\gl.h(1157): note:  см. объявление "APIENTRY"
c:\program files (x86)\windows kits\8.1\include\um\gl\gl.h(1161): error C2146: синтаксическая ошибка: отсутствие ";" перед идентификатором "glBegin"
c:\program files (x86)\windows kits\8.1\include\um\gl\gl.h(1162): error C2144: синтаксическая ошибка: перед "void" требуется ";"
c:\program files (x86)\windows kits\8.1\include\um\gl\gl.h(1162): error C4430: отсутствует спецификатор типа - предполагается int. Примечание. C++ не поддерживает int по умолчанию
c:\program files (x86)\windows kits\8.1\include\um\gl\gl.h(1162): error C2086: int WINGDIAPI: переопределение
  c:\program files (x86)\windows kits\8.1\include\um\gl\gl.h(1157): note:  см. объявление "WINGDIAPI"
c:\program files (x86)\windows kits\8.1\include\um\gl\gl.h(1162): error C2182: APIENTRY: недопустимое использование типа "void"
c:\program files (x86)\windows kits\8.1\include\um\gl\gl.h(1162): error C2086: int APIENTRY: переопределение
  c:\program files (x86)\windows kits\8.1\include\um\gl\gl.h(1157): note:  см. объявление "APIENTRY"
c:\program files (x86)\windows kits\8.1\include\um\gl\gl.h(1162): error C2146: синтаксическая ошибка: отсутствие ";" перед идентификатором "glBindTexture"
c:\program files (x86)\windows kits\8.1\include\um\gl\gl.h(1163): error C2144: синтаксическая ошибка: перед "void" требуется ";"
c:\program files (x86)\windows kits\8.1\include\um\gl\gl.h(1163): error C4430: отсутствует спецификатор типа - предполагается int. Примечание. C++ не поддерживает int по умолчанию
c:\program files (x86)\windows kits\8.1\include\um\gl\gl.h(1163): error C2086: int WINGDIAPI: переопределение
  c:\program files (x86)\windows kits\8.1\include\um\gl\gl.h(1157): note:  см. объявление "WINGDIAPI"
c:\program files (x86)\windows kits\8.1\include\um\gl\gl.h(1163): error C2182: APIENTRY: недопустимое использование типа "void"
c:\program files (x86)\windows kits\8.1\include\um\gl\gl.h(1163): error C2086: int APIENTRY: переопределение
  c:\program files (x86)\windows kits\8.1\include\um\gl\gl.h(1157): note:  см. объявление "APIENTRY"
c:\program files (x86)\windows kits\8.1\include\um\gl\gl.h(1163): error C2146: синтаксическая ошибка: отсутствие ";" перед идентификатором "glBitmap"
c:\program files (x86)\windows kits\8.1\include\um\gl\gl.h(1164): error C2144: синтаксическая ошибка: перед "void" требуется ";"
c:\program files (x86)\windows kits\8.1\include\um\gl\gl.h(1164): error C4430: отсутствует спецификатор типа - предполагается int. Примечание. C++ не поддерживает int по умолчанию
c:\program files (x86)\windows kits\8.1\include\um\gl\gl.h(1164): error C2086: int WINGDIAPI: переопределение
  c:\program files (x86)\windows kits\8.1\include\um\gl\gl.h(1157): note:  см. объявление "WINGDIAPI"
c:\program files (x86)\windows kits\8.1\include\um\gl\gl.h(1164): error C2182: APIENTRY: недопустимое использование типа "void"
c:\program files (x86)\windows kits\8.1\include\um\gl\gl.h(1164): error C2086: int APIENTRY: переопределение
  c:\program files (x86)\windows kits\8.1\include\um\gl\gl.h(1157): note:  см. объявление "APIENTRY"
c:\program files (x86)\windows kits\8.1\include\um\gl\gl.h(1164): error C2146: синтаксическая ошибка: отсутствие ";" перед идентификатором "glBlendFunc"
c:\program files (x86)\windows kits\8.1\include\um\gl\gl.h(1165): error C2144: синтаксическая ошибка: перед "void" требуется ";"
c:\program files (x86)\windows kits\8.1\include\um\gl\gl.h(1165): error C4430: отсутствует спецификатор типа - предполагается int. Примечание. C++ не поддерживает int по умолчанию
c:\program files (x86)\windows kits\8.1\include\um\gl\gl.h(1165): error C2086: int WINGDIAPI: переопределение
  c:\program files (x86)\windows kits\8.1\include\um\gl\gl.h(1157): note:  см. объявление "WINGDIAPI"
c:\program files (x86)\windows kits\8.1\include\um\gl\gl.h(1165): error C2182: APIENTRY: недопустимое использование типа "void"
c:\program files (x86)\windows kits\8.1\include\um\gl\gl.h(1165): error C2086: int APIENTRY: переопределение
  c:\program files (x86)\windows kits\8.1\include\um\gl\gl.h(1157): note:  см. объявление "APIENTRY"
c:\program files (x86)\windows kits\8.1\include\um\gl\gl.h(1165): error C2146: синтаксическая ошибка: отсутствие ";" перед идентификатором "glCallList"
c:\program files (x86)\windows kits\8.1\include\um\gl\gl.h(1166): error C2144: синтаксическая ошибка: перед "void" требуется ";"
c:\program files (x86)\windows kits\8.1\include\um\gl\gl.h(1166): error C4430: отсутствует спецификатор типа - предполагается int. Примечание. C++ не поддерживает int по умолчанию
c:\program files (x86)\windows kits\8.1\include\um\gl\gl.h(1166): error C2086: int WINGDIAPI: переопределение
  c:\program files (x86)\windows kits\8.1\include\um\gl\gl.h(1157): note:  см. объявление "WINGDIAPI"
c:\program files (x86)\windows kits\8.1\include\um\gl\gl.h(1166): error C2182: APIENTRY: недопустимое использование типа "void"
c:\program files (x86)\windows kits\8.1\include\um\gl\gl.h(1166): error C2086: int APIENTRY: переопределение
  c:\program files (x86)\windows kits\8.1\include\um\gl\gl.h(1157): note:  см. объявление "APIENTRY"
c:\program files (x86)\windows kits\8.1\include\um\gl\gl.h(1166): error C2146: синтаксическая ошибка: отсутствие ";" перед идентификатором "glCallLists"
c:\program files (x86)\windows kits\8.1\include\um\gl\gl.h(1167): error C2144: синтаксическая ошибка: перед "void" требуется ";"
c:\program files (x86)\windows kits\8.1\include\um\gl\gl.h(1167): error C4430: отсутствует спецификатор типа - предполагается int. Примечание. C++ не поддерживает int по умолчанию
c:\program files (x86)\windows kits\8.1\include\um\gl\gl.h(1167): error C2086: int WINGDIAPI: переопределение
  c:\program files (x86)\windows kits\8.1\include\um\gl\gl.h(1157): note:  см. объявление "WINGDIAPI"
c:\program files (x86)\windows kits\8.1\include\um\gl\gl.h(1167): error C2182: APIENTRY: недопустимое использование типа "void"
c:\program files (x86)\windows kits\8.1\include\um\gl\gl.h(1167): error C2086: int APIENTRY: переопределение
  c:\program files (x86)\windows kits\8.1\include\um\gl\gl.h(1157): note:  см. объявление "APIENTRY"
c:\program files (x86)\windows kits\8.1\include\um\gl\gl.h(1167): error C2146: синтаксическая ошибка: отсутствие ";" перед идентификатором "glClear"
c:\program files (x86)\windows kits\8.1\include\um\gl\gl.h(1168): error C2144: синтаксическая ошибка: перед "void" требуется ";"
c:\program files (x86)\windows kits\8.1\include\um\gl\gl.h(1168): error C4430: отсутствует спецификатор типа - предполагается int. Примечание. C++ не поддерживает int по умолчанию
c:\program files (x86)\windows kits\8.1\include\um\gl\gl.h(1168): error C2086: int WINGDIAPI: переопределение
  c:\program files (x86)\windows kits\8.1\include\um\gl\gl.h(1157): note:  см. объявление "WINGDIAPI"
c:\program files (x86)\windows kits\8.1\include\um\gl\gl.h(1168): error C2182: APIENTRY: недопустимое использование типа "void"
c:\program files (x86)\windows kits\8.1\include\um\gl\gl.h(1168): error C2086: int APIENTRY: переопределение
  c:\program files (x86)\windows kits\8.1\include\um\gl\gl.h(1157): note:  см. объявление "APIENTRY"
c:\program files (x86)\windows kits\8.1\include\um\gl\gl.h(1168): error C2146: синтаксическая ошибка: отсутствие ";" перед идентификатором "glClearAccum"
c:\program files (x86)\windows kits\8.1\include\um\gl\gl.h(1169): error C2144: синтаксическая ошибка: перед "void" требуется ";"
c:\program files (x86)\windows kits\8.1\include\um\gl\gl.h(1169): error C4430: отсутствует спецификатор типа - предполагается int. Примечание. C++ не поддерживает int по умолчанию
c:\program files (x86)\windows kits\8.1\include\um\gl\gl.h(1169): error C2086: int WINGDIAPI: переопределение
  c:\program files (x86)\windows kits\8.1\include\um\gl\gl.h(1157): note:  см. объявление "WINGDIAPI"
c:\program files (x86)\windows kits\8.1\include\um\gl\gl.h(1169): error C2182: APIENTRY: недопустимое использование типа "void"
c:\program files (x86)\windows kits\8.1\include\um\gl\gl.h(1169): error C2086: int APIENTRY: переопределение
  c:\program files (x86)\windows kits\8.1\include\um\gl\gl.h(1157): note:  см. объявление "APIENTRY"
c:\program files (x86)\windows kits\8.1\include\um\gl\gl.h(1169): error C2146: синтаксическая ошибка: отсутствие ";" перед идентификатором "glClearColor"
c:\program files (x86)\windows kits\8.1\include\um\gl\gl.h(1170): error C2144: синтаксическая ошибка: перед "void" требуется ";"
c:\program files (x86)\windows kits\8.1\include\um\gl\gl.h(1170): error C4430: отсутствует спецификатор типа - предполагается int. Примечание. C++ не поддерживает int по умолчанию
c:\program files (x86)\windows kits\8.1\include\um\gl\gl.h(1170): error C2086: int WINGDIAPI: переопределение
  c:\program files (x86)\windows kits\8.1\include\um\gl\gl.h(1157): note:  см. объявление "WINGDIAPI"
c:\program files (x86)\windows kits\8.1\include\um\gl\gl.h(1170): error C2182: APIENTRY: недопустимое использование типа "void"
c:\program files (x86)\windows kits\8.1\include\um\gl\gl.h(1170): error C2086: int APIENTRY: переопределение
  c:\program files (x86)\windows kits\8.1\include\um\gl\gl.h(1157): note:  см. объявление "APIENTRY"
c:\program files (x86)\windows kits\8.1\include\um\gl\gl.h(1170): error C2146: синтаксическая ошибка: отсутствие ";" перед идентификатором "glClearDepth"
c:\program files (x86)\windows kits\8.1\include\um\gl\gl.h(1171): error C2144: синтаксическая ошибка: перед "void" требуется ";"
c:\program files (x86)\windows kits\8.1\include\um\gl\gl.h(1171): error C4430: отсутствует спецификатор типа - предполагается int. Примечание. C++ не поддерживает int по умолчанию
c:\program files (x86)\windows kits\8.1\include\um\gl\gl.h(1171): error C2086: int WINGDIAPI: переопределение
  c:\program files (x86)\windows kits\8.1\include\um\gl\gl.h(1157): note:  см. объявление "WINGDIAPI"
c:\program files (x86)\windows kits\8.1\include\um\gl\gl.h(1171): error C2182: APIENTRY: недопустимое использование типа "void"
c:\program files (x86)\windows kits\8.1\include\um\gl\gl.h(1171): error C2086: int APIENTRY: переопределение
  c:\program files (x86)\windows kits\8.1\include\um\gl\gl.h(1157): note:  см. объявление "APIENTRY"
c:\program files (x86)\windows kits\8.1\include\um\gl\gl.h(1171): error C2146: синтаксическая ошибка: отсутствие ";" перед идентификатором "glClearIndex"
c:\program files (x86)\windows kits\8.1\include\um\gl\gl.h(1172): error C2144: синтаксическая ошибка: перед "void" требуется ";"
c:\program files (x86)\windows kits\8.1\include\um\gl\gl.h(1172): error C4430: отсутствует спецификатор типа - предполагается int. Примечание. C++ не поддерживает int по умолчанию
c:\program files (x86)\windows kits\8.1\include\um\gl\gl.h(1172): error C2086: int WINGDIAPI: переопределение
  c:\program files (x86)\windows kits\8.1\include\um\gl\gl.h(1157): note:  см. объявление "WINGDIAPI"
c:\program files (x86)\windows kits\8.1\include\um\gl\gl.h(1172): error C2182: APIENTRY: недопустимое использование типа "void"
c:\program files (x86)\windows kits\8.1\include\um\gl\gl.h(1172): error C2086: int APIENTRY: переопределение
  c:\program files (x86)\windows kits\8.1\include\um\gl\gl.h(1157): note:  см. объявление "APIENTRY"
c:\program files (x86)\windows kits\8.1\include\um\gl\gl.h(1172): error C2146: синтаксическая ошибка: отсутствие ";" перед идентификатором "glClearStencil"
c:\program files (x86)\windows kits\8.1\include\um\gl\gl.h(1173): error C2144: синтаксическая ошибка: перед "void" требуется ";"
c:\program files (x86)\windows kits\8.1\include\um\gl\gl.h(1173): error C4430: отсутствует спецификатор типа - предполагается int. Примечание. C++ не поддерживает int по умолчанию
c:\program files (x86)\windows kits\8.1\include\um\gl\gl.h(1173): error C2086: int WINGDIAPI: переопределение
  c:\program files (x86)\windows kits\8.1\include\um\gl\gl.h(1157): note:  см. объявление "WINGDIAPI"
c:\program files (x86)\windows kits\8.1\include\um\gl\gl.h(1173): error C2182: APIENTRY: недопустимое использование типа "void"
c:\program files (x86)\windows kits\8.1\include\um\gl\gl.h(1173): error C2086: int APIENTRY: переопределение
  c:\program files (x86)\windows kits\8.1\include\um\gl\gl.h(1157): note:  см. объявление "APIENTRY"
c:\program files (x86)\windows kits\8.1\include\um\gl\gl.h(1173): error C2146: синтаксическая ошибка: отсутствие ";" перед идентификатором "glClipPlane"
c:\program files (x86)\windows kits\8.1\include\um\gl\gl.h(1174): error C2144: синтаксическая ошибка: перед "void" требуется ";"
c:\program files (x86)\windows kits\8.1\include\um\gl\gl.h(1174): error C4430: отсутствует спецификатор типа - предполагается int. Примечание. C++ не поддерживает int по умолчанию
c:\program files (x86)\windows kits\8.1\include\um\gl\gl.h(1174): error C2086: int WINGDIAPI: переопределение
  c:\program files (x86)\windows kits\8.1\include\um\gl\gl.h(1157): note:  см. объявление "WINGDIAPI"
c:\program files (x86)\windows kits\8.1\include\um\gl\gl.h(1174): error C2182: APIENTRY: недопустимое использование типа "void"
c:\program files (x86)\windows kits\8.1\include\um\gl\gl.h(1174): error C2086: int APIENTRY: переопределение
  c:\program files (x86)\windows kits\8.1\include\um\gl\gl.h(1157): note:  см. объявление "APIENTRY"
c:\program files (x86)\windows kits\8.1\include\um\gl\gl.h(1174): error C2146: синтаксическая ошибка: отсутствие ";" перед идентификатором "glColor3b"
c:\program files (x86)\windows kits\8.1\include\um\gl\gl.h(1175): error C2144: синтаксическая ошибка: перед "void" требуется ";"
c:\program files (x86)\windows kits\8.1\include\um\gl\gl.h(1175): error C4430: отсутствует спецификатор типа - предполагается int. Примечание. C++ не поддерживает int по умолчанию
c:\program files (x86)\windows kits\8.1\include\um\gl\gl.h(1175): error C2086: int WINGDIAPI: переопределение
  c:\program files (x86)\windows kits\8.1\include\um\gl\gl.h(1157): note:  см. объявление "WINGDIAPI"
c:\program files (x86)\windows kits\8.1\include\um\gl\gl.h(1175): error C2182: APIENTRY: недопустимое использование типа "void"
c:\program files (x86)\windows kits\8.1\include\um\gl\gl.h(1175): error C2086: int APIENTRY: переопределение
  c:\program files (x86)\windows kits\8.1\include\um\gl\gl.h(1157): note:  см. объявление "APIENTRY"
c:\program files (x86)\windows kits\8.1\include\um\gl\gl.h(1175): error C2146: синтаксическая ошибка: отсутствие ";" перед идентификатором "glColor3bv"
c:\program files (x86)\windows kits\8.1\include\um\gl\gl.h(1176): error C2144: синтаксическая ошибка: перед "void" требуется ";"
c:\program files (x86)\windows kits\8.1\include\um\gl\gl.h(1176): error C4430: отсутствует спецификатор типа - предполагается int. Примечание. C++ не поддерживает int по умолчанию
c:\program files (x86)\windows kits\8.1\include\um\gl\gl.h(1176): error C2086: int WINGDIAPI: переопределение
  c:\program files (x86)\windows kits\8.1\include\um\gl\gl.h(1157): note:  см. объявление "WINGDIAPI"
c:\program files (x86)\windows kits\8.1\include\um\gl\gl.h(1176): error C2182: APIENTRY: недопустимое использование типа "void"
c:\program files (x86)\windows kits\8.1\include\um\gl\gl.h(1176): error C2086: int APIENTRY: переопределение
  c:\program files (x86)\windows kits\8.1\include\um\gl\gl.h(1157): note:  см. объявление "APIENTRY"
c:\program files (x86)\windows kits\8.1\include\um\gl\gl.h(1176): error C2146: синтаксическая ошибка: отсутствие ";" перед идентификатором "glColor3d"
c:\program files (x86)\windows kits\8.1\include\um\gl\gl.h(1177): error C2144: синтаксическая ошибка: перед "void" требуется ";"
c:\program files (x86)\windows kits\8.1\include\um\gl\gl.h(1177): error C4430: отсутствует спецификатор типа - предполагается int. Примечание. C++ не поддерживает int по умолчанию
c:\program files (x86)\windows kits\8.1\include\um\gl\gl.h(1177): error C2086: int WINGDIAPI: переопределение
  c:\program files (x86)\windows kits\8.1\include\um\gl\gl.h(1157): note:  см. объявление "WINGDIAPI"
c:\program files (x86)\windows kits\8.1\include\um\gl\gl.h(1177): error C2182: APIENTRY: недопустимое использование типа "void"
c:\program files (x86)\windows kits\8.1\include\um\gl\gl.h(1177): error C2086: int APIENTRY: переопределение
  c:\program files (x86)\windows kits\8.1\include\um\gl\gl.h(1157): note:  см. объявление "APIENTRY"
c:\program files (x86)\windows kits\8.1\include\um\gl\gl.h(1177): error C2146: синтаксическая ошибка: отсутствие ";" перед идентификатором "glColor3dv"
c:\program files (x86)\windows kits\8.1\include\um\gl\gl.h(1178): error C2144: синтаксическая ошибка: перед "void" требуется ";"
c:\program files (x86)\windows kits\8.1\include\um\gl\gl.h(1178): fatal error C1003: число ошибок превышает 100; остановка компиляции
