d:\repos\oop\x64\debug\vc142.pdb
d:\repos\oop\x64\debug\vc142.idb
d:\repos\oop\x64\debug\utils.obj
d:\repos\oop\x64\debug\stacknumtempl.obj
d:\repos\oop\x64\debug\pracitse.obj
d:\repos\oop\x64\debug\data.obj
d:\repos\oop\x64\debug\artist.obj
d:\repos\oop\x64\debug\lab3.obj
d:\repos\oop\x64\debug\stack_unit.obj
d:\repos\oop\x64\debug\lab3.obj.enc
d:\repos\oop\x64\debug\third.ilk
d:\repos\oop\x64\debug\third.res
d:\repos\oop\x64\debug\vc141.idb
d:\repos\oop\x64\debug\third.pdb
d:\repos\oop\x64\debug\vc141.pdb
d:\repos\oop\x64\debug\prcatise.tlog\cl.command.1.tlog
d:\repos\oop\x64\debug\prcatise.tlog\cl.read.1.tlog
d:\repos\oop\x64\debug\prcatise.tlog\cl.write.1.tlog
d:\repos\oop\x64\debug\prcatise.tlog\link-cvtres.read.1.tlog
d:\repos\oop\x64\debug\prcatise.tlog\link-cvtres.write.1.tlog
d:\repos\oop\x64\debug\prcatise.tlog\link-rc.read.1.tlog
d:\repos\oop\x64\debug\prcatise.tlog\link-rc.write.1.tlog
d:\repos\oop\x64\debug\prcatise.tlog\link.2576-cvtres.read.1.tlog
d:\repos\oop\x64\debug\prcatise.tlog\link.2576-cvtres.write.1.tlog
d:\repos\oop\x64\debug\prcatise.tlog\link.2576-rc.read.1.tlog
d:\repos\oop\x64\debug\prcatise.tlog\link.2576-rc.write.1.tlog
d:\repos\oop\x64\debug\prcatise.tlog\link.2576.read.1.tlog
d:\repos\oop\x64\debug\prcatise.tlog\link.2576.write.1.tlog
d:\repos\oop\x64\debug\prcatise.tlog\link.command.1.tlog
d:\repos\oop\x64\debug\prcatise.tlog\link.read.1.tlog
d:\repos\oop\x64\debug\prcatise.tlog\link.write.1.tlog
d:\repos\oop\x64\debug\prcatise.tlog\rc.command.1.tlog
d:\repos\oop\x64\debug\prcatise.tlog\rc.read.1.tlog
d:\repos\oop\x64\debug\prcatise.tlog\rc.write.1.tlog
